<?xml version="1.0" encoding="UTF-8"?>
<!-- Generated by org.testng.reporters.JUnitReportReporter -->
<testsuite hostname="DESKTOP-U12E15N" name="testRunner.TestRunnerClass" tests="1" failures="0" timestamp="26 Jan 2020 11:28:44 GMT" time="59.375" errors="0">
  <testcase name="curefit" time="59.375" classname="testRunner.TestRunnerClass"/>
</testsuite> <!-- testRunner.TestRunnerClass -->
